-------------------------------------------------------------------------------
Test set: com.bank.account.management.controller.CustomerControllerTest
-------------------------------------------------------------------------------
Tests run: 10, Failures: 3, Errors: 0, Skipped: 0, Time elapsed: 0.465 s <<< FAILURE! -- in com.bank.account.management.controller.CustomerControllerTest
com.bank.account.management.controller.CustomerControllerTest.createCustomer_shouldReturnBadRequest_whenNameIsMissing -- Time elapsed: 0.006 s <<< FAILURE!
java.lang.AssertionError: Status expected:<400> but was:<200>
	at org.springframework.test.util.AssertionErrors.fail(AssertionErrors.java:59)
	at org.springframework.test.util.AssertionErrors.assertEquals(AssertionErrors.java:122)
	at org.springframework.test.web.servlet.result.StatusResultMatchers.lambda$matcher$9(StatusResultMatchers.java:637)
	at org.springframework.test.web.servlet.MockMvc$1.andExpect(MockMvc.java:214)
	at com.bank.account.management.controller.CustomerControllerTest.createCustomer_shouldReturnBadRequest_whenNameIsMissing(CustomerControllerTest.java:59)
	at java.base/java.lang.reflect.Method.invoke(Method.java:568)
	at java.base/java.util.ArrayList.forEach(ArrayList.java:1511)
	at java.base/java.util.ArrayList.forEach(ArrayList.java:1511)

com.bank.account.management.controller.CustomerControllerTest.createCustomer_shouldReturnBadRequest_whenEmailIsMissing -- Time elapsed: 0.004 s <<< FAILURE!
java.lang.AssertionError: Status expected:<400> but was:<200>
	at org.springframework.test.util.AssertionErrors.fail(AssertionErrors.java:59)
	at org.springframework.test.util.AssertionErrors.assertEquals(AssertionErrors.java:122)
	at org.springframework.test.web.servlet.result.StatusResultMatchers.lambda$matcher$9(StatusResultMatchers.java:637)
	at org.springframework.test.web.servlet.MockMvc$1.andExpect(MockMvc.java:214)
	at com.bank.account.management.controller.CustomerControllerTest.createCustomer_shouldReturnBadRequest_whenEmailIsMissing(CustomerControllerTest.java:72)
	at java.base/java.lang.reflect.Method.invoke(Method.java:568)
	at java.base/java.util.ArrayList.forEach(ArrayList.java:1511)
	at java.base/java.util.ArrayList.forEach(ArrayList.java:1511)

com.bank.account.management.controller.CustomerControllerTest.createCustomer_shouldReturnBadRequest_whenUsernameIsMissing -- Time elapsed: 0.006 s <<< FAILURE!
java.lang.AssertionError: Status expected:<400> but was:<200>
	at org.springframework.test.util.AssertionErrors.fail(AssertionErrors.java:59)
	at org.springframework.test.util.AssertionErrors.assertEquals(AssertionErrors.java:122)
	at org.springframework.test.web.servlet.result.StatusResultMatchers.lambda$matcher$9(StatusResultMatchers.java:637)
	at org.springframework.test.web.servlet.MockMvc$1.andExpect(MockMvc.java:214)
	at com.bank.account.management.controller.CustomerControllerTest.createCustomer_shouldReturnBadRequest_whenUsernameIsMissing(CustomerControllerTest.java:85)
	at java.base/java.lang.reflect.Method.invoke(Method.java:568)
	at java.base/java.util.ArrayList.forEach(ArrayList.java:1511)
	at java.base/java.util.ArrayList.forEach(ArrayList.java:1511)

