<?xml version="1.0" encoding="UTF-8"?>
<testsuite xmlns:xsi="http://www.w3.org/2001/XMLSchema-instance" xsi:noNamespaceSchemaLocation="https://maven.apache.org/surefire/maven-surefire-plugin/xsd/surefire-test-report-3.0.xsd" version="3.0" name="com.bank.account.management.controller.BankAccountControllerTest" time="1.74" tests="19" errors="0" skipped="0" failures="5">
  <properties>
[...]
</properties>
  <testcase name="deposit_shouldReturnBadRequest_whenAmountIsInvalid" classname="com.bank.account.management.controller.BankAccountControllerTest" time="0.474">
    <system-out><![CDATA[2024-10-24T19:33:05.271-03:00  INFO 28372 --- [BankAccountManagement] [           main] t.c.s.AnnotationConfigContextLoaderUtils : Could not detect default configuration classes for test class [com.bank.account.management.controller.BankAccountControllerTest]: BankAccountControllerTest does not declare any static, non-private, non-final, nested classes annotated with @Configuration.
2024-10-24T19:33:05.325-03:00  INFO 28372 --- [BankAccountManagement] [           main] .b.t.c.SpringBootTestContextBootstrapper : Found @SpringBootConfiguration com.bank.account.management.BankAccountManagementApplication for test class com.bank.account.management.controller.BankAccountControllerTest
2024-10-24T19:33:05.328-03:00  INFO 28372 --- [BankAccountManagement] [           main] o.s.b.d.r.RestartApplicationListener     : Restart disabled due to context in which it is running

  .   ____          _            __ _ _
 /\\ / ___'_ __ _ _(_)_ __  __ _ \ \ \ \
( ( )\___ | '_ | '_| | '_ \/ _` | \ \ \ \
 \\/  ___)| |_)| | | | | || (_| |  ) ) ) )
  '  |____| .__|_| |_|_| |_\__, | / / / /
 =========|_|==============|___/=/_/_/_/

 :: Spring Boot ::                (v3.3.4)

2024-10-24T19:33:05.370-03:00  INFO 28372 --- [BankAccountManagement] [           main] c.b.a.m.c.BankAccountControllerTest      : Starting BankAccountControllerTest using Java 17.0.12 with PID 28372 (started by enmanuel.hernandez in C:\Users\enmanuel.hernandez\Desktop\sofkaDev\02-PU\bank-account-management)
2024-10-24T19:33:05.370-03:00  INFO 28372 --- [BankAccountManagement] [           main] c.b.a.m.c.BankAccountControllerTest      : No active profile set, falling back to 1 default profile: "default"
2024-10-24T19:33:06.050-03:00  INFO 28372 --- [BankAccountManagement] [           main] o.s.b.t.m.w.SpringBootMockServletContext : Initializing Spring TestDispatcherServlet ''
2024-10-24T19:33:06.051-03:00  INFO 28372 --- [BankAccountManagement] [           main] o.s.t.web.servlet.TestDispatcherServlet  : Initializing Servlet ''
2024-10-24T19:33:06.059-03:00  INFO 28372 --- [BankAccountManagement] [           main] o.s.t.web.servlet.TestDispatcherServlet  : Completed initialization in 1 ms
2024-10-24T19:33:06.088-03:00  INFO 28372 --- [BankAccountManagement] [           main] c.b.a.m.c.BankAccountControllerTest      : Started BankAccountControllerTest in 0.76 seconds (process running for 8.848)
]]></system-out>
  </testcase>
  <testcase name="purchaseCard_shouldReturnBadRequest_whenInvalidTypeIsProvided" classname="com.bank.account.management.controller.BankAccountControllerTest" time="0.026">
    <failure message="Status expected:&lt;403&gt; but was:&lt;400&gt;" type="java.lang.AssertionError"><![CDATA[java.lang.AssertionError: Status expected:<403> but was:<400>
	at org.springframework.test.util.AssertionErrors.fail(AssertionErrors.java:59)
	at org.springframework.test.util.AssertionErrors.assertEquals(AssertionErrors.java:122)
	at org.springframework.test.web.servlet.result.StatusResultMatchers.lambda$matcher$9(StatusResultMatchers.java:637)
	at org.springframework.test.web.servlet.MockMvc$1.andExpect(MockMvc.java:214)
	at com.bank.account.management.controller.BankAccountControllerTest.purchaseCard_shouldReturnBadRequest_whenInvalidTypeIsProvided(BankAccountControllerTest.java:227)
	at java.base/java.lang.reflect.Method.invoke(Method.java:568)
	at java.base/java.util.ArrayList.forEach(ArrayList.java:1511)
	at java.base/java.util.ArrayList.forEach(ArrayList.java:1511)
]]></failure>
    <system-out><![CDATA[
MockHttpServletRequest:
      HTTP Method = POST
      Request URI = /api/bank-accounts/purchase-card
       Parameters = {}
          Headers = [Content-Type:"application/json;charset=UTF-8", Content-Length:"66"]
             Body = {"accountNumber":"123456789","amount":200.0,"type":"INVALID_TYPE"}
    Session Attrs = {}

Handler:
             Type = com.bank.account.management.controller.BankAccountController
           Method = com.bank.account.management.controller.BankAccountController#deposit(PurchaseDTO)

Async:
    Async started = false
     Async result = null

Resolved Exception:
             Type = com.bank.account.management.controller.exception.InvalidPurchaseTypeException

ModelAndView:
        View name = null
             View = null
            Model = null

FlashMap:
       Attributes = null

MockHttpServletResponse:
           Status = 400
    Error message = null
          Headers = [Content-Type:"text/plain;charset=UTF-8", Content-Length:"35"]
     Content type = text/plain;charset=UTF-8
             Body = Invalid purchase type: INVALID_TYPE
    Forwarded URL = null
   Redirected URL = null
          Cookies = []
]]></system-out>
  </testcase>
  <testcase name="createAccount_shouldReturnBadRequest_whenAccountNumberIsMissing" classname="com.bank.account.management.controller.BankAccountControllerTest" time="0.033">
    <failure message="Status expected:&lt;400&gt; but was:&lt;200&gt;" type="java.lang.AssertionError"><![CDATA[java.lang.AssertionError: Status expected:<400> but was:<200>
	at org.springframework.test.util.AssertionErrors.fail(AssertionErrors.java:59)
	at org.springframework.test.util.AssertionErrors.assertEquals(AssertionErrors.java:122)
	at org.springframework.test.web.servlet.result.StatusResultMatchers.lambda$matcher$9(StatusResultMatchers.java:637)
	at org.springframework.test.web.servlet.MockMvc$1.andExpect(MockMvc.java:214)
	at com.bank.account.management.controller.BankAccountControllerTest.createAccount_shouldReturnBadRequest_whenAccountNumberIsMissing(BankAccountControllerTest.java:92)
	at java.base/java.lang.reflect.Method.invoke(Method.java:568)
	at java.base/java.util.ArrayList.forEach(ArrayList.java:1511)
	at java.base/java.util.ArrayList.forEach(ArrayList.java:1511)
]]></failure>
    <system-out><![CDATA[
MockHttpServletRequest:
      HTTP Method = POST
      Request URI = /api/bank-accounts
       Parameters = {}
          Headers = [Content-Type:"application/json;charset=UTF-8", Content-Length:"33"]
             Body = {"customerId":1,"balance":1000.0}
    Session Attrs = {}

Handler:
             Type = com.bank.account.management.controller.BankAccountController
           Method = com.bank.account.management.controller.BankAccountController#createAccount(BankAccountDTO)

Async:
    Async started = false
     Async result = null

Resolved Exception:
             Type = null

ModelAndView:
        View name = null
             View = null
            Model = null

FlashMap:
       Attributes = null

MockHttpServletResponse:
           Status = 200
    Error message = null
          Headers = []
     Content type = null
             Body = 
    Forwarded URL = null
   Redirected URL = null
          Cookies = []
]]></system-out>
  </testcase>
  <testcase name="getAccount_shouldReturnBankAccount" classname="com.bank.account.management.controller.BankAccountControllerTest" time="0.147"/>
  <testcase name="deleteAccount_shouldReturnNotFound_whenAccountDoesNotExist" classname="com.bank.account.management.controller.BankAccountControllerTest" time="0.014"/>
  <testcase name="purchaseCard_shouldReturnOk" classname="com.bank.account.management.controller.BankAccountControllerTest" time="0.012"/>
  <testcase name="createAccount_shouldReturnBadRequest_whenBalanceIsMissing" classname="com.bank.account.management.controller.BankAccountControllerTest" time="0.01">
    <failure message="Status expected:&lt;400&gt; but was:&lt;200&gt;" type="java.lang.AssertionError"><![CDATA[java.lang.AssertionError: Status expected:<400> but was:<200>
	at org.springframework.test.util.AssertionErrors.fail(AssertionErrors.java:59)
	at org.springframework.test.util.AssertionErrors.assertEquals(AssertionErrors.java:122)
	at org.springframework.test.web.servlet.result.StatusResultMatchers.lambda$matcher$9(StatusResultMatchers.java:637)
	at org.springframework.test.web.servlet.MockMvc$1.andExpect(MockMvc.java:214)
	at com.bank.account.management.controller.BankAccountControllerTest.createAccount_shouldReturnBadRequest_whenBalanceIsMissing(BankAccountControllerTest.java:107)
	at java.base/java.lang.reflect.Method.invoke(Method.java:568)
	at java.base/java.util.ArrayList.forEach(ArrayList.java:1511)
	at java.base/java.util.ArrayList.forEach(ArrayList.java:1511)
]]></failure>
    <system-out><![CDATA[
MockHttpServletRequest:
      HTTP Method = POST
      Request URI = /api/bank-accounts
       Parameters = {}
          Headers = [Content-Type:"application/json;charset=UTF-8", Content-Length:"44"]
             Body = {"customerId":1,"accountNumber":"123456789"}
    Session Attrs = {}

Handler:
             Type = com.bank.account.management.controller.BankAccountController
           Method = com.bank.account.management.controller.BankAccountController#createAccount(BankAccountDTO)

Async:
    Async started = false
     Async result = null

Resolved Exception:
             Type = null

ModelAndView:
        View name = null
             View = null
            Model = null

FlashMap:
       Attributes = null

MockHttpServletResponse:
           Status = 200
    Error message = null
          Headers = []
     Content type = null
             Body = 
    Forwarded URL = null
   Redirected URL = null
          Cookies = []
]]></system-out>
  </testcase>
  <testcase name="withdraw_shouldReturnOk" classname="com.bank.account.management.controller.BankAccountControllerTest" time="0.012"/>
  <testcase name="purchaseCard_shouldReturnForbidden_whenInsufficientFunds" classname="com.bank.account.management.controller.BankAccountControllerTest" time="0.01"/>
  <testcase name="withdrawal_shouldReturnNotFound_whenAccountNotFound" classname="com.bank.account.management.controller.BankAccountControllerTest" time="0.01"/>
  <testcase name="createAccount_shouldReturnBadRequest_whenIdIsPresent" classname="com.bank.account.management.controller.BankAccountControllerTest" time="0.01">
    <failure message="Status expected:&lt;400&gt; but was:&lt;200&gt;" type="java.lang.AssertionError"><![CDATA[java.lang.AssertionError: Status expected:<400> but was:<200>
	at org.springframework.test.util.AssertionErrors.fail(AssertionErrors.java:59)
	at org.springframework.test.util.AssertionErrors.assertEquals(AssertionErrors.java:122)
	at org.springframework.test.web.servlet.result.StatusResultMatchers.lambda$matcher$9(StatusResultMatchers.java:637)
	at org.springframework.test.web.servlet.MockMvc$1.andExpect(MockMvc.java:214)
	at com.bank.account.management.controller.BankAccountControllerTest.createAccount_shouldReturnBadRequest_whenIdIsPresent(BankAccountControllerTest.java:62)
	at java.base/java.lang.reflect.Method.invoke(Method.java:568)
	at java.base/java.util.ArrayList.forEach(ArrayList.java:1511)
	at java.base/java.util.ArrayList.forEach(ArrayList.java:1511)
]]></failure>
    <system-out><![CDATA[
MockHttpServletRequest:
      HTTP Method = POST
      Request URI = /api/bank-accounts
       Parameters = {}
          Headers = [Content-Type:"application/json;charset=UTF-8", Content-Length:"68"]
             Body = {"id":1,"customerId":1,"accountNumber":"123456789","balance":1000.0}
    Session Attrs = {}

Handler:
             Type = com.bank.account.management.controller.BankAccountController
           Method = com.bank.account.management.controller.BankAccountController#createAccount(BankAccountDTO)

Async:
    Async started = false
     Async result = null

Resolved Exception:
             Type = null

ModelAndView:
        View name = null
             View = null
            Model = null

FlashMap:
       Attributes = null

MockHttpServletResponse:
           Status = 200
    Error message = null
          Headers = []
     Content type = null
             Body = 
    Forwarded URL = null
   Redirected URL = null
          Cookies = []
]]></system-out>
  </testcase>
  <testcase name="deposit_shouldReturnBadRequest_whenInvalidTypeIsProvided" classname="com.bank.account.management.controller.BankAccountControllerTest" time="0.007"/>
  <testcase name="createAccount_shouldReturnBadRequest_whenCustomerIdIsMissing" classname="com.bank.account.management.controller.BankAccountControllerTest" time="0.009">
    <failure message="Status expected:&lt;400&gt; but was:&lt;200&gt;" type="java.lang.AssertionError"><![CDATA[java.lang.AssertionError: Status expected:<400> but was:<200>
	at org.springframework.test.util.AssertionErrors.fail(AssertionErrors.java:59)
	at org.springframework.test.util.AssertionErrors.assertEquals(AssertionErrors.java:122)
	at org.springframework.test.web.servlet.result.StatusResultMatchers.lambda$matcher$9(StatusResultMatchers.java:637)
	at org.springframework.test.web.servlet.MockMvc$1.andExpect(MockMvc.java:214)
	at com.bank.account.management.controller.BankAccountControllerTest.createAccount_shouldReturnBadRequest_whenCustomerIdIsMissing(BankAccountControllerTest.java:77)
	at java.base/java.lang.reflect.Method.invoke(Method.java:568)
	at java.base/java.util.ArrayList.forEach(ArrayList.java:1511)
	at java.base/java.util.ArrayList.forEach(ArrayList.java:1511)
]]></failure>
    <system-out><![CDATA[
MockHttpServletRequest:
      HTTP Method = POST
      Request URI = /api/bank-accounts
       Parameters = {}
          Headers = [Content-Type:"application/json;charset=UTF-8", Content-Length:"46"]
             Body = {"accountNumber":"123456789","balance":1000.0}
    Session Attrs = {}

Handler:
             Type = com.bank.account.management.controller.BankAccountController
           Method = com.bank.account.management.controller.BankAccountController#createAccount(BankAccountDTO)

Async:
    Async started = false
     Async result = null

Resolved Exception:
             Type = null

ModelAndView:
        View name = null
             View = null
            Model = null

FlashMap:
       Attributes = null

MockHttpServletResponse:
           Status = 200
    Error message = null
          Headers = []
     Content type = null
             Body = 
    Forwarded URL = null
   Redirected URL = null
          Cookies = []
]]></system-out>
  </testcase>
  <testcase name="deleteAccount_shouldReturnNoContent_whenAccountExists" classname="com.bank.account.management.controller.BankAccountControllerTest" time="0.011"/>
  <testcase name="createAccount_shouldReturnCreatedBankAccount" classname="com.bank.account.management.controller.BankAccountControllerTest" time="0.009"/>
  <testcase name="purchaseCard_shouldReturnBadRequest_whenAmountIsInvalid" classname="com.bank.account.management.controller.BankAccountControllerTest" time="0.01"/>
  <testcase name="getAccount_shouldReturnNotFound_whenAccountDoesNotExist" classname="com.bank.account.management.controller.BankAccountControllerTest" time="0.012"/>
  <testcase name="withdrawal_shouldReturnBadRequest_whenAmountIsInvalid" classname="com.bank.account.management.controller.BankAccountControllerTest" time="0.01"/>
  <testcase name="withdrawal_shouldReturnForbidden_whenInsufficientFunds" classname="com.bank.account.management.controller.BankAccountControllerTest" time="0.01"/>
</testsuite>